<?xml version="1.0" encoding="UTF-8"?>
<!-- Generated by org.testng.reporters.JUnitReportReporter -->
<testsuite skipped="0" hostname="LE-PF1EPTKS" name="com.amazon.qa.testcases.LoginPageTest" tests="5" failures="0" timestamp="26 Feb 2020 19:47:20 GMT" time="68.629" errors="0">
  <testcase name="isUsernameEnabled" time="13.953" classname="com.amazon.qa.testcases.LoginPageTest"/>
  <testcase name="isPasswordEnabled" time="12.500" classname="com.amazon.qa.testcases.LoginPageTest"/>
  <testcase name="loginPageTitleTest" time="12.627" classname="com.amazon.qa.testcases.LoginPageTest"/>
  <testcase name="loginPageLogoTest" time="12.674" classname="com.amazon.qa.testcases.LoginPageTest"/>
  <testcase name="verifyLoginTest" time="16.875" classname="com.amazon.qa.testcases.LoginPageTest"/>
</testsuite> <!-- com.amazon.qa.testcases.LoginPageTest -->
